<?xml version="1.0" encoding="UTF-8"?>
<testng-results skipped="0" failed="0" ignored="0" total="1" passed="1">
  <reporter-output>
  </reporter-output>
  <suite name="Default suite" duration-ms="1702" started-at="2021-12-03T07:40:03Z" finished-at="2021-12-03T07:40:05Z">
    <groups>
    </groups>
    <test name="Default test" duration-ms="1702" started-at="2021-12-03T07:40:03Z" finished-at="2021-12-03T07:40:05Z">
      <class name="restAPI.PostRequest">
        <test-method status="PASS" signature="PostCall()[pri:0, instance:restAPI.PostRequest@8646db9]" name="PostCall" duration-ms="1676" started-at="2021-12-03T07:40:03Z" finished-at="2021-12-03T07:40:05Z">
          <reporter-output>
          </reporter-output>
        </test-method> <!-- PostCall -->
      </class> <!-- restAPI.PostRequest -->
    </test> <!-- Default test -->
  </suite> <!-- Default suite -->
</testng-results>
